<?xml version="1.0" encoding="UTF-8" ?>
<testsuite errors="0" failures="0" hostname="katze" name="LoggerControllerIntegrationTests" tests="1" time="98.389" timestamp="2009-06-20T21:03:38">
  <properties />
  <testcase classname="LoggerControllerIntegrationTests" name="testSomething" time="98.287" />
  <system-out><![CDATA[--Output from testSomething--
]]></system-out>
  <system-err><![CDATA[--Output from testSomething--
]]></system-err>
</testsuite>
