<?xml version="1.0" encoding="UTF-8" ?>
<testsuite errors="1" failures="0" hostname="katze" name="LoggerControllerIntegrationTests" tests="1" time="0.247" timestamp="2009-06-20T13:44:30">
  <properties />
  <testcase classname="LoggerControllerIntegrationTests" name="testSomething" time="0.214">
    <error message="Cannot get property &apos;team&apos; on null object" type="java.lang.NullPointerException">java.lang.NullPointerException: Cannot get property &apos;team&apos; on null object
	at LoggerController.userInfoChange(LoggerController.groovy:56)
	at ParseListener$userInfoChange.call(Unknown Source)
	at LogParser$_readLine_closure2.doCall(LogParser.groovy:72)
	at LogParser.readLine(LogParser.groovy:72)
	at LogParser.this$2$readLine(LogParser.groovy)
	at LogParser$this$2$readLine.callCurrent(Unknown Source)
	at LogParser.parse(LogParser.groovy:36)
	at LogParser$parse.call(Unknown Source)
	at LoggerController$_closure1.doCall(LoggerController.groovy:9)
	at LoggerController$_closure1.doCall(LoggerController.groovy)
	at LoggerControllerIntegrationTests.testSomething(LoggerControllerIntegrationTests.groovy:14)
	at _GrailsTest_groovy$_run_closure4.doCall(_GrailsTest_groovy:203)
	at _GrailsTest_groovy$_run_closure4.call(_GrailsTest_groovy)
	at _GrailsTest_groovy$_run_closure2.doCall(_GrailsTest_groovy:147)
	at _GrailsTest_groovy$_run_closure1_closure19.doCall(_GrailsTest_groovy:113)
	at _GrailsTest_groovy$_run_closure1.doCall(_GrailsTest_groovy:96)
	at TestApp$_run_closure1.doCall(TestApp.groovy:66)
	at gant.Gant$_dispatch_closure4.doCall(Gant.groovy:324)
	at gant.Gant$_dispatch_closure6.doCall(Gant.groovy:334)
	at gant.Gant$_dispatch_closure6.doCall(Gant.groovy)
	at gant.Gant.withBuildListeners(Gant.groovy:344)
	at gant.Gant.this$2$withBuildListeners(Gant.groovy)
	at gant.Gant$this$2$withBuildListeners.callCurrent(Unknown Source)
	at gant.Gant.dispatch(Gant.groovy:334)
	at gant.Gant.this$2$dispatch(Gant.groovy)
	at gant.Gant.invokeMethod(Gant.groovy)
	at gant.Gant.processTargets(Gant.groovy:495)
	at gant.Gant.processTargets(Gant.groovy:480)
</error>
  </testcase>
  <system-out><![CDATA[--Output from testSomething--
<java.util.LinkedHashMap@a6277f07 header=null=null accessOrder=false table=[team_model=james, cl_guid=50CC5A90AE905ACE03E1B96CFFB29072, model=sarge, cl_anonymous=0, null, null, null, null, null, null, handicap=100, cg_predictitems=0, null, null, null, ip=91.107.85.192:27960, null, null, null, snaps=20, null, null, null, name=harry beasant, null, teamtask=0, null, headmodel=sarge, color2=5, color1=4, null, null] size=19 threshold=24 loadFactor=0.75 modCount=19 entrySet=[ip=91.107.85.192:27960, challenge=1041703203, qport=35326, protocol=68, name=harry beasant, rate=8000, cg_predictitems=0, cl_anonymous=0, sex=male, handicap=100, color2=5, color1=4, team_headmodel=*james, team_model=james, headmodel=sarge, model=sarge, snaps=20, teamtask=0, cl_guid=50CC5A90AE905ACE03E1B96CFFB29072] keySet=null values=null>
]]></system-out>
  <system-err><![CDATA[--Output from testSomething--
]]></system-err>
</testsuite>
